<UNK> , 
of the goods of his father <UNK> s estate 
grain from <UNK> ( ? ) 
to replace it , 
for interest 
year : <UNK> Enmahgalanna was installed as <UNK> of <UNK> <UNK> ( <UNK> <UNK> ) . 
total : <UNK> <UNK> <UNK> , 
A dike from the field Latur : 
<UNK> <UNK> , 
<UNK> <UNK> of the cattle <UNK> , 
house of irrigation 
to the king or the chief administrator they will not say , 
<UNK> <UNK> , 
<UNK> , 
<UNK> <UNK> , 
<UNK> , 
will to <UNK> abaz<UNK> 
By the might of <UNK> 
<UNK> , 
<UNK> , 
<UNK> <UNK> , 
year : <UNK> The lord of <UNK> was installed . <UNK> 
<UNK> <UNK> , 
<UNK> talents <UNK> mana <UNK> ; 
<UNK> <UNK> , 
its silver equivalent : <UNK> <UNK> , <UNK> grains , 
<UNK> <UNK> , 
<UNK> <UNK> of glue , 
total : <UNK> <UNK> <UNK> , 
its silver : <UNK> ( mana ) <UNK> <UNK> <UNK> grains ; 
<UNK> talents <UNK> mana <UNK> ; 
total : <UNK> mana <UNK> <UNK> <UNK> grains silver 
<UNK> talents <UNK> mana <UNK> ; 
total : <UNK> <UNK> cress seed ; 
<UNK> talents <UNK> mana <UNK> ; 
<UNK> <UNK> of <UNK> ins via <UNK> ala , 
total : <UNK> mana <UNK> ( <UNK> ) <UNK> grains silver , 
<UNK> <UNK> , 
from <UNK> <UNK> , son ( of ) Badda ; 
<UNK> , 
<UNK> <UNK> , 
<UNK> <UNK> , 
<UNK> Ah<UNK> uni 
<UNK> , 
son of PN2 , 
<UNK> <UNK> , 
<UNK> <UNK> , 
be the bailiff of this . 
<UNK> <UNK> , 
<UNK> <UNK> , 
did <UNK> -R<UNK> <UNK> , 
<UNK> <UNK> , 
<UNK> , 
<UNK> <UNK> , 
house of <UNK> , 
<UNK> , 
<UNK> , 
<UNK> , 
<UNK> <UNK> , 
<UNK> <UNK> , 
house of <UNK> , 
their freedom 
house of <UNK> , 
did <UNK> -R<UNK> <UNK> , 
house of <UNK> , 
<UNK> , 
Emah<UNK> 
Emah<UNK> 
<UNK> <UNK> , 
total : <UNK> <UNK> <UNK> , 
total : <UNK> <UNK> <UNK> , 
<UNK> of flour-<UNK> , rations for the governor ; 
<UNK> male <UNK> for <UNK> days , 
given supreme power 
sealed documents of Ur<UNK> 
<UNK> , 
A son of a free ( d ) ( female ) <UNK> izen without a master <UNK> s agreement 
<UNK> <UNK> , 
<UNK> , 
together : <UNK> hide of calf , damaged , <UNK> , 
has lain , 
<UNK> <UNK> , 
<UNK> , debts , 
son of PN2 , 
<UNK> , 
and his beloved <UNK> 
<UNK> <UNK> , 
<UNK> <UNK> , 
<UNK> <UNK> , 
<UNK> <UNK> , 
<UNK> , 
<UNK> , 
and <UNK> , 
<UNK> talents <UNK> mana <UNK> ; 
<UNK> <UNK> , 
<UNK> <UNK> , 
<UNK> <UNK> , 
<UNK> <UNK> , 
<UNK> <UNK> , 
may I be destroyed , <UNK> 
<UNK> <UNK> , 
<UNK> <UNK> , 
<UNK> <UNK> , 
<UNK> <UNK> k<UNK> 
<UNK> <UNK> , 
<UNK> , 
its milk to feed the piglet , 
<UNK> <UNK> , 
and the beloved <UNK> of <UNK> . 
her <UNK> temple 
<UNK> , 
<UNK> <UNK> , 
<UNK> <UNK> , 
<UNK> <UNK> , 
being children of the <UNK> ; 
and came forth , 
<UNK> talents <UNK> mana <UNK> ; 
for <UNK> <UNK> at Urir<UNK> village <UNK> transferred , 
<UNK> <UNK> , 
<UNK> <UNK> , 
<UNK> , 
<UNK> <UNK> , 
son of PN2 , 
<UNK> <UNK> , 
<UNK> <UNK> , 
<UNK> <UNK> , 
<UNK> <UNK> , 
<UNK> <UNK> , 
<UNK> <UNK> , 
<UNK> <UNK> , 
<UNK> <UNK> fine <UNK> , total : <UNK> <UNK> <UNK> 
he killed like dogs . 
Na <UNK> ua 
<UNK> , 
<UNK> , 
<UNK> <UNK> , 
<UNK> , 
did <UNK> -R<UNK> <UNK> , 
may he find favor . 
<UNK> <UNK> , 
<UNK> <UNK> , 
from UrNI , 
year : <UNK> The lord of <UNK> was installed . <UNK> 
the Lower Sea 
<UNK> <UNK> , 
from Um<UNK> <UNK> to <UNK> <UNK> <UNK> , 
the arm of heroism 
<UNK> of flour-<UNK> , rations for the governor ; 
for the new boat 
<UNK> <UNK> , 
<UNK> <UNK> , 
the production of <UNK> dum<UNK> apprentices <UNK> in <UNK> service . 
<UNK> <UNK> , 
new lo<UNK> grains . 
<UNK> <UNK> , 
<UNK> <UNK> , 
<UNK> <UNK> , 
<UNK> <UNK> , 
<UNK> , 
the son of Anza , 
<UNK> <UNK> , 
<UNK> , 
king of <UNK> quarters : 
total : <UNK> <UNK> <UNK> , 
total : <UNK> <UNK> <UNK> , 
<UNK> ( mana wool for ) Nigtuk<UNK> <UNK> 
<UNK> talents <UNK> mana <UNK> ; 
total : <UNK> <UNK> <UNK> , 
<UNK> <UNK> , 
<UNK> <UNK> <UNK> , 
<UNK> <UNK> , 
year after : <UNK> The Martu wall was <UNK> . <UNK> 
<UNK> <UNK> , 
he shall not pay any silver . 
did <UNK> -R<UNK> <UNK> , 
<UNK> male <UNK> for <UNK> days , 
total : <UNK> <UNK> <UNK> , 
<UNK> <UNK> , 
<UNK> <UNK> , 
<UNK> male <UNK> for <UNK> days , 
total : <UNK> , <UNK> female <UNK> days 
total : <UNK> , <UNK> female <UNK> days 
<UNK> male <UNK> for <UNK> days , 
from UrNI , 
<UNK> <UNK> , 
<UNK> <UNK> , 
total : <UNK> , <UNK> female <UNK> days 
that <UNK> <UNK> for each ( day ) will be weighed out , 
<UNK> <UNK> , 
total : <UNK> <UNK> <UNK> , 
<UNK> male <UNK> for <UNK> days , 
from UrNI , 
<UNK> sheep , <UNK> , for Amur<UNK> 
<UNK> <UNK> , 
total : <UNK> , <UNK> female <UNK> days 
total : <UNK> <UNK> <UNK> , 
<UNK> male <UNK> for <UNK> days , 
total : <UNK> , <UNK> female <UNK> days 
<UNK> <UNK> , 
<UNK> field area : <UNK> rations and <UNK> , <UNK> , 
house of <UNK> ; 
total : <UNK> , <UNK> female <UNK> days 
total : <UNK> <UNK> <UNK> , 
<UNK> <UNK> , 
<UNK> <UNK> , 
various years , <UNK> to the ( <UNK> ) troops fed , 
<UNK> <UNK> <UNK> , <UNK> of <UNK> , 
<UNK> <UNK> , 
sealed documents of Ur<UNK> 
sealed <UNK> of <UNK> <UNK> , son of <UNK> ; 
<UNK> <UNK> , 
<UNK> <UNK> , 
<UNK> <UNK> , 
<UNK> <UNK> , 
shall erase 
<UNK> male <UNK> for <UNK> days , 
<UNK> male <UNK> for <UNK> days , 
total : <UNK> , <UNK> female <UNK> days 
house of <UNK> , 
<UNK> <UNK> <UNK> , <UNK> of <UNK> , 
<UNK> <UNK> , 
a tiara and c<UNK> , a long-lasting scepter , 
various years , <UNK> to the ( <UNK> ) troops fed , 
<UNK> male <UNK> for <UNK> days , 
total : <UNK> , <UNK> female <UNK> days 
house of <UNK> ; 
<UNK> <UNK> , 
<UNK> <UNK> , 
<UNK> female kids , 
house <UNK> , 
son of PN2 , 
<UNK> <UNK> , 
<UNK> <UNK> , 
son of PN2 , 
<UNK> <UNK> for E- <UNK> 
son of PN2 , 
did <UNK> -R<UNK> <UNK> , 
son of PN2 , 
<UNK> <UNK> for E- <UNK> 
total : <UNK> , <UNK> female <UNK> days 
a tiara and c<UNK> , a long-lasting scepter , 
total : <UNK> , <UNK> female <UNK> days 
a tiara and c<UNK> , a long-lasting scepter , 
<UNK> <UNK> , 
<UNK> <UNK> for E- <UNK> 
total : <UNK> <UNK> <UNK> , 
from UrNI , 
<UNK> <UNK> for E- <UNK> 
<UNK> <UNK> for E- <UNK> 
<UNK> <UNK> for sheep : Zani ; 
<UNK> female kids , 
son of PN2 , 
<UNK> <UNK> for E- <UNK> 
son of PN2 , 
son of PN2 , 
<UNK> <UNK> , 
<UNK> <UNK> , 
<UNK> <UNK> , 
<UNK> <UNK> for E- <UNK> 
<UNK> <UNK> , 
son of PN2 , 
<UNK> female kids , 
house of <UNK> , 
<UNK> ( mana wool for ) Bēlī , the <UNK> , 
house <UNK> , 
<UNK> sheep , <UNK> goats <UNK> , 
<UNK> <UNK> for sheep : Zani ; 
total : <UNK> , <UNK> female <UNK> days 
( and ) <UNK> ( for ) <UNK> <UNK> kine , her daughter ; 
total : <UNK> <UNK> <UNK> , 
<UNK> <UNK> for sheep : Zani ; 
total : <UNK> <UNK> <UNK> , 
<UNK> <UNK> of <UNK> ins via <UNK> ala , 
<UNK> <UNK> , 
<UNK> male <UNK> for <UNK> days , 
total : <UNK> , <UNK> female <UNK> days 
<UNK> <UNK> , 
<UNK> <UNK> of the cattle <UNK> , 
total : <UNK> <UNK> <UNK> , 
a tiara and c<UNK> , a long-lasting scepter , 
a tiara and c<UNK> , a long-lasting scepter , 
a tiara and c<UNK> , a long-lasting scepter , 
total : <UNK> , <UNK> female <UNK> days 
By the might of <UNK> 
year : <UNK> <UNK> and H<UNK> were destroyed . <UNK> 
total : <UNK> , <UNK> female <UNK> days 
total : <UNK> , <UNK> female <UNK> days 
<UNK> <UNK> , 
its <UNK> <UNK> : <UNK> <UNK> ; 
By the might of <UNK> 
total : <UNK> , <UNK> female <UNK> days 
its <UNK> <UNK> : <UNK> <UNK> ; 
new lo<UNK> grains . 
<UNK> , 
<UNK> <UNK> , 
<UNK> , 
on the <UNK> day having passed , 
upon whom <UNK> , the king of all the lands , 
<UNK> <UNK> , 
<UNK> , 
<UNK> <UNK> of <UNK> ins via <UNK> ala , 
<UNK> <UNK> , 
<UNK> <UNK> , 
various years , <UNK> to the ( <UNK> ) troops fed , 
<UNK> <UNK> , 
and things fashioned ( from them ) 
<UNK> , 
another man has worked , 
<UNK> <UNK> , 
grain from <UNK> ( ? ) 
<UNK> , his little man . 
<UNK> <UNK> , 
<UNK> , 
<UNK> <UNK> , 
<UNK> <UNK> , 
<UNK> <UNK> , 
<UNK> delivered , <UNK> ies <UNK> set , 
<UNK> <UNK> , 
year following : <UNK> Sh<UNK> <UNK> , king of <UNK> , the <UNK> rite-Wall mu<UNK> <UNK> . <UNK> 
<UNK> , 
from <UNK> <UNK> ala ; 
<UNK> <UNK> , 
pastured . 
AWall , 
( from ) K<UNK> <UNK> , governor of <UNK> <UNK> <UNK> ; 
from ADU 
<UNK> , 
of Lāt<UNK> nir . 
and all the great gods , 
<UNK> <UNK> , 
<UNK> <UNK> , 
total : <UNK> <UNK> <UNK> , 
year : <UNK> The house of <UNK> was <UNK> . <UNK> 
<UNK> <UNK> , 
<UNK> , 
<UNK> male <UNK> for <UNK> days , 
<UNK> <UNK> , 
<UNK> , 
and the boats of M<UNK> , 
for <UNK> <UNK> <UNK> into the <UNK> loaded , 
since ancient days 
from the <UNK> to <UNK> <UNK> floated , 
and the land where cedars are cut , together with it provinces , 
for <UNK> <UNK> to <UNK> <UNK> <UNK> and 
<UNK> loaded onto the <UNK> , 
<UNK> <UNK> , 
house <UNK> , 
<UNK> field area : <UNK> , Igih<UNK> ; 
he shall not pay any silver . 
<UNK> <UNK> , 
<UNK> , for the <UNK> ; 
<UNK> <UNK> , 
<UNK> female <UNK> <UNK> , 
whom he had brought back , 
<UNK> <UNK> , 
<UNK> <UNK> , 
reappear magnificently , 
<UNK> , 
<UNK> <UNK> of <UNK> , <UNK> <UNK> of bread , <UNK> <UNK> <UNK> , <UNK> <UNK> of oil , <UNK> <UNK> of <UNK> , ( to ) <UNK> usz-<UNK> ; 
to <UNK> 
though not an offering ( ? ) place 
<UNK> <UNK> of <UNK> , <UNK> <UNK> of bread , <UNK> <UNK> <UNK> , <UNK> <UNK> of oil , <UNK> <UNK> of <UNK> , ( to ) <UNK> usz-<UNK> ; 
I took , 
did <UNK> -R<UNK> <UNK> , 
<UNK> <UNK> <UNK> , <UNK> <UNK> bread , <UNK> <UNK> <UNK> , <UNK> <UNK> oil , <UNK> <UNK> <UNK> , 
<UNK> <UNK> , 
<UNK> , 
total : <UNK> <UNK> of <UNK> , <UNK> <UNK> of bread , <UNK> <UNK> of <UNK> ; 
year : <UNK> The princess to the governor of <UNK> was married . <UNK> 
total : <UNK> <UNK> <UNK> ; total : <UNK> <UNK> oil ; total : <UNK> <UNK> <UNK> ; 
together : <UNK> hide of calf , damaged , <UNK> , 
by <UNK> 
When the city <UNK> 
<UNK> <UNK> , 
which he brought in 
<UNK> talents <UNK> mana <UNK> ; 
bo<UNK> <UNK> , 
<UNK> <UNK> , 
<UNK> <UNK> , 
total : <UNK> <UNK> <UNK> , 
<UNK> <UNK> , 
of the month day <UNK> elapsed ; 
<UNK> <UNK> , 
<UNK> <UNK> , 
<UNK> , 
<UNK> <UNK> , 
<UNK> <UNK> , 
<UNK> <UNK> , 
total : <UNK> <UNK> <UNK> , 
<UNK> talents <UNK> mana <UNK> ; 
<UNK> <UNK> , 
<UNK> <UNK> , 
<UNK> <UNK> , 
extra month following : <UNK> <UNK> Festival , <UNK> 
<UNK> <UNK> , 
<UNK> Eki , 
the total , its <UNK> : <UNK> ; 
<UNK> <UNK> , 
from Um<UNK> <UNK> to <UNK> <UNK> <UNK> , 
<UNK> talents <UNK> mana <UNK> ; 
<UNK> : Ninsigarana , 
total : <UNK> <UNK> <UNK> , 
total : <UNK> <UNK> <UNK> , 
<UNK> talents <UNK> mana <UNK> ; 
<UNK> talents <UNK> mana <UNK> ; 
work <UNK> striking <UNK> the dike , 
curse him , 
total : <UNK> <UNK> <UNK> , 
total : <UNK> <UNK> <UNK> , 
<UNK> <UNK> of <UNK> ins via <UNK> ala , 
he shall be paraded around the town . 
its <UNK> : <UNK> <UNK> , 
<UNK> talents <UNK> mana <UNK> ; 
<UNK> <UNK> ( <UNK> ) oil for <UNK> Barge ; <UNK> 
<UNK> <UNK> , 
female <UNK> for arzana<UNK> , 
<UNK> talents <UNK> mana <UNK> ; 
a man as a witness 
<UNK> <UNK> , Nada ; 
<UNK> <UNK> daban , 
<UNK> <UNK> , 
<UNK> <UNK> , 
<UNK> <UNK> , 
<UNK> <UNK> <UNK> <UNK> , 
<UNK> loaded onto the <UNK> , 
<UNK> loaded in the <UNK> , 
work <UNK> striking <UNK> the dike , 
in the royal g . , 
<UNK> barges , 
various years , <UNK> to the ( <UNK> ) troops fed , 
he shall be paraded around the town . 
<UNK> <UNK> , 
daughter of <UNK> luni ; 
from the <UNK> Kabduga-girnun ; 
total : <UNK> <UNK> <UNK> , 
<UNK> <UNK> of <UNK> ins via <UNK> ala , 
<UNK> <UNK> of <UNK> ins via <UNK> ala , 
<UNK> <UNK> , 
various years , <UNK> to the ( <UNK> ) troops fed , 
<UNK> <UNK> , 
<UNK> <UNK> , 
total : <UNK> <UNK> <UNK> , 
<UNK> <UNK> , 
year : <UNK> <UNK> and H<UNK> were destroyed . <UNK> 
its <UNK> : <UNK> , <UNK> female <UNK> days . 
from Ur<UNK> , 
<UNK> <UNK> , 
since ancient days 
<UNK> <UNK> , 
year : following <UNK> <UNK> , <UNK> 
<UNK> <UNK> , 
field irrigation work performed in the field <UNK> g<UNK> 
<UNK> male <UNK> for <UNK> days , 
<UNK> <UNK> , 
total : <UNK> , <UNK> female <UNK> days 
<UNK> , 
<UNK> : wages of the <UNK> of <UNK> <UNK> ; 
<UNK> <UNK> , 
total : <UNK> <UNK> <UNK> , 
<UNK> <UNK> <UNK> , 
<UNK> talents <UNK> mana <UNK> ; 
together : <UNK> <UNK> of <UNK> , not <UNK> , 
total : <UNK> <UNK> <UNK> , 
( for ) B<UNK> ; 
total : <UNK> <UNK> <UNK> , 
total : <UNK> <UNK> <UNK> , 
<UNK> <UNK> , 
<UNK> <UNK> , 
<UNK> <UNK> , 
its erin-work is <UNK> man-days . 
<UNK> <UNK> , 
<UNK> <UNK> , 
<UNK> <UNK> , 
<UNK> <UNK> , male <UNK> , <UNK> of the birds ; 
total : <UNK> <UNK> <UNK> , 
year : <UNK> <UNK> the house of <UNK> in <UNK> was <UNK> . <UNK> 
<UNK> <UNK> , 
<UNK> cow , seed of wild bull , <UNK> year ; 
<UNK> <UNK> , 
field irrigation work performed in the field <UNK> g<UNK> 
<UNK> <UNK> , 
via <UNK> and E<UNK> <UNK> . 
and scribes of <UNK> , 
son of PN2 , 
from the managers ; 
<UNK> <UNK> , 
sealed <UNK> of <UNK> <UNK> , son of <UNK> ; 
<UNK> talents <UNK> mana <UNK> ; 
<UNK> <UNK> , 
who from the grasp of battle 
<UNK> female <UNK> days , at the weir of <UNK> <UNK> ; 
<UNK> <UNK> , 
since ancient days 
( and ) <UNK> ( for ) <UNK> <UNK> , female <UNK> , 
<UNK> <UNK> of <UNK> ins via <UNK> ala , 
<UNK> delivered , <UNK> year : <UNK> <UNK> was destroyed , <UNK> 
<UNK> talents <UNK> mana <UNK> ; 
<UNK> sprouted malt , <UNK> ŠIM , high ( quality ) , 
new lo<UNK> grains . 
<UNK> <UNK> of <UNK> ins via <UNK> ala , 
total : <UNK> , <UNK> female <UNK> days 
<UNK> mana , <UNK> <UNK> , <UNK> grains of silver , 
a tiara and c<UNK> , a long-lasting scepter , 
<UNK> <UNK> , 
<UNK> <UNK> , 
year following : <UNK> <UNK> was destroyed . <UNK> 
estates of 
<UNK> <UNK> , 
<UNK> <UNK> , 
<UNK> <UNK> , 
<UNK> talents <UNK> mana <UNK> ; 
<UNK> , 
<UNK> <UNK> , 
total : <UNK> <UNK> <UNK> , 
<UNK> , 
who from the grasp of battle 
<UNK> The priest of <UNK> of <UNK> was installed ; <UNK> 
<UNK> <UNK> , 
<UNK> <UNK> , 
<UNK> , 
<UNK> <UNK> , 
<UNK> , 
<UNK> <UNK> , 
<UNK> <UNK> , 
<UNK> <UNK> , 
<UNK> , 
total : <UNK> <UNK> <UNK> , 
grain from <UNK> ( ? ) 
<UNK> talents <UNK> mana <UNK> ; 
and scribes of <UNK> , 
<UNK> , 
<UNK> talents <UNK> mana <UNK> ; 
<UNK> <UNK> , 
<UNK> <UNK> , 
<UNK> <UNK> , 
<UNK> , 
<UNK> <UNK> , 
<UNK> <UNK> , 
total : <UNK> <UNK> <UNK> , 
<UNK> <UNK> , 
from <UNK> <UNK> ala ; 
<UNK> <UNK> , 
<UNK> and <UNK> <UNK> up in the field Constructed Wall , in the Incantation priests field and in 
<UNK> <UNK> , 
<UNK> , 
<UNK> , 
year : <UNK> The lord of <UNK> was installed . <UNK> 
<UNK> <UNK> , 
<UNK> <UNK> , 
at the weir of the <UNK> D<UNK> <UNK> ; 
<UNK> <UNK> , 
<UNK> <UNK> , 
<UNK> <UNK> , 
total : <UNK> <UNK> <UNK> , 
total : <UNK> <UNK> <UNK> , 
total : <UNK> <UNK> <UNK> , 
<UNK> , 
<UNK> <UNK> , 
<UNK> talents <UNK> mana <UNK> ; 
year : <UNK> The princess to the governor of <UNK> was married . <UNK> 
<UNK> <UNK> , 
<UNK> <UNK> of <UNK> ins via <UNK> ala , 
<UNK> , 
<UNK> <UNK> , 
<UNK> <UNK> , 
<UNK> <UNK> , 
total : <UNK> <UNK> <UNK> , 
<UNK> <UNK> , 
<UNK> <UNK> of <UNK> ins via <UNK> ala , 
year : <UNK> <UNK> the king <UNK> the house of <UNK> . <UNK> 
<UNK> talents <UNK> mana <UNK> ; 
year : <UNK> <UNK> <UNK> destroyed . <UNK> 
<UNK> <UNK> <UNK> , 
total : <UNK> <UNK> <UNK> , 
<UNK> , 
<UNK> <UNK> , 
<UNK> , 
<UNK> <UNK> , 
<UNK> <UNK> , 
<UNK> <UNK> , 
<UNK> <UNK> , 
<UNK> <UNK> , 
total : <UNK> <UNK> <UNK> , 
total : <UNK> <UNK> <UNK> , 
<UNK> talents <UNK> mana <UNK> ; 
from the <UNK> village <UNK> <UNK> , 
from <UNK> to <UNK> <UNK> with oil , <UNK> and fish <UNK> ; 
from the <UNK> to <UNK> <UNK> with <UNK> <UNK> , <UNK> transferred and empty <UNK> returned to <UNK> . 
<UNK> ox , <UNK> , An<UNK> <UNK> , 
<UNK> <UNK> , 
<UNK> , 
<UNK> , 
x + 2nd day , 
<UNK> <UNK> , 
He having revealed it to <UNK> 
<UNK> <UNK> , 
<UNK> , 
<UNK> <UNK> , 
<UNK> , 
of Sasa , 
<UNK> , 
<UNK> <UNK> , 
sealed documents of daba , <UNK> or troops , 
<UNK> <UNK> , 
they are trade agents . 
year after : <UNK> For the <UNK> time <UNK> was destroyed . <UNK> 
year after : <UNK> The wall was <UNK> . <UNK> 
offering of <UNK> <UNK> of the roof , <UNK> 
<UNK> <UNK> , 
<UNK> <UNK> , 
<UNK> <UNK> , 
<UNK> ( by ) <UNK> t<UNK> ; 
<UNK> , 
total : <UNK> <UNK> <UNK> , 
since ancient days 
<UNK> , its goat is <UNK> ; house of Na-silim the fuller <UNK> ; 
<UNK> , 
<UNK> <UNK> , 
<UNK> <UNK> , 
and <UNK> , 
year following : <UNK> Sh<UNK> <UNK> , king of <UNK> , the <UNK> rite-Wall mu<UNK> <UNK> . <UNK> 
<UNK> <UNK> from E<UNK> um , 
<UNK> , 
year after : <UNK> The Martu wall was <UNK> . <UNK> 
<UNK> , 
delivery of the priest of <UNK> , 
total : <UNK> <UNK> <UNK> , 
from the managers ; 
<UNK> , 
<UNK> , 
<UNK> , 
<UNK> man has another man 
<UNK> , 
<UNK> , 
By the might of <UNK> 
<UNK> <UNK> , 
field Hillock<UNK> <UNK> ; 
<UNK> <UNK> , 
and his beloved <UNK> 
<UNK> <UNK> , 
<UNK> <UNK> , 
<UNK> male <UNK> ( from ) Nu <UNK> <UNK> idā , 
<UNK> <UNK> , 
<UNK> , 
<UNK> <UNK> son of B<UNK> ar , 
<UNK> <UNK> , 
field Hillock<UNK> <UNK> ; 
but turned away from ( taking ) an oath , at <UNK> sar ( a day ) , 
curse him , 
If through a fistfight 
<UNK> sar <UNK> at <UNK> sar ( a day ) ; 
total : <UNK> <UNK> <UNK> , 
<UNK> <UNK> , 
<UNK> <UNK> 
<UNK> <UNK> , 
<UNK> sheep , <UNK> , for E <UNK> um , a man from Mari , 
total : <UNK> <UNK> <UNK> , 
<UNK> <UNK> , 
<UNK> <UNK> , 
<UNK> talents <UNK> mana <UNK> ; 
<UNK> <UNK> , 
total : <UNK> <UNK> <UNK> , 
<UNK> <UNK> , 
<UNK> <UNK> , 
<UNK> <UNK> , 
son of Ermu , the <UNK> man . 
<UNK> <UNK> , 
<UNK> <UNK> , 
<UNK> <UNK> , 
<UNK> <UNK> , 
<UNK> <UNK> , 
total : <UNK> <UNK> <UNK> , 
<UNK> <UNK> , 
<UNK> , 
<UNK> <UNK> , 
total : <UNK> <UNK> <UNK> , 
<UNK> <UNK> , 
<UNK> talents <UNK> mana <UNK> ; 
total : <UNK> <UNK> <UNK> , 
<UNK> field area : <UNK> , field of Ab<UNK> <UNK> ; 
total : <UNK> <UNK> <UNK> , 
<UNK> talents <UNK> mana <UNK> ; 
<UNK> talents <UNK> mana <UNK> ; 
<UNK> talents <UNK> mana <UNK> ; 
<UNK> talents <UNK> mana <UNK> ; 
<UNK> <UNK> , 
<UNK> <UNK> , 
total : <UNK> <UNK> <UNK> , 
<UNK> <UNK> , 
<UNK> <UNK> , 
total : <UNK> <UNK> <UNK> , 
<UNK> <UNK> , 
<UNK> <UNK> , 
<UNK> <UNK> , 
which he plundered 
<UNK> <UNK> , 
<UNK> <UNK> , 
<UNK> <UNK> , 
<UNK> <UNK> , 
<UNK> <UNK> , 
<UNK> <UNK> , 
<UNK> <UNK> , 
<UNK> talents <UNK> mana <UNK> ; 
<UNK> <UNK> , 
<UNK> <UNK> , 
<UNK> , 
<UNK> <UNK> , 
<UNK> <UNK> , 
year : <UNK> Enmahgalanna was installed as <UNK> of <UNK> <UNK> ( <UNK> <UNK> ) . 
<UNK> female kids , 
<UNK> <UNK> , 
<UNK> <UNK> , 
<UNK> units of outer-cover <UNK> , 
total : <UNK> of <UNK> , 
<UNK> <UNK> , 
but turned away from ( taking ) an oath , 
total : <UNK> <UNK> <UNK> , 
from <UNK> , 
<UNK> <UNK> , 
<UNK> <UNK> of <UNK> ins via <UNK> ala , 
total : <UNK> <UNK> <UNK> , 
<UNK> <UNK> of <UNK> ins via <UNK> ala , 
total : <UNK> <UNK> <UNK> , 
<UNK> <UNK> , 
<UNK> talents <UNK> mana <UNK> ; 
<UNK> <UNK> of <UNK> ins via <UNK> ala , 
<UNK> <UNK> , 
<UNK> <UNK> , 
year : <UNK> The princess to the governor of <UNK> was married . <UNK> 
<UNK> <UNK> <UNK> grains of silver , 
<UNK> <UNK> , 
<UNK> of interest of dumu<UNK> of <UNK> ; 
in place of <UNK> , 
<UNK> <UNK> , 
<UNK> <UNK> , 
<UNK> <UNK> , 
total : <UNK> <UNK> <UNK> , 
year : <UNK> <UNK> and H<UNK> were destroyed . <UNK> 
<UNK> <UNK> , 
<UNK> , 
son of PN2 , 
as its exchange value : <UNK> <UNK> of silver , 
<UNK> <UNK> , 
total : <UNK> <UNK> <UNK> , 
<UNK> <UNK> , 
from UrNI , 
<UNK> <UNK> , 
<UNK> <UNK> of <UNK> ins via <UNK> ala , 
<UNK> talents <UNK> mana <UNK> ; 
shocks gathered , the field Abagal-<UNK> ; 
<UNK> <UNK> , 
<UNK> <UNK> of baba<UNK> , 
<UNK> <UNK> , 
<UNK> <UNK> <UNK> grains of silver , 
its silver equivalent : <UNK> <UNK> , <UNK> grains , 
<UNK> <UNK> , 
in place of <UNK> , 
<UNK> <UNK> , 
son of PN2 , 
<UNK> sheep inst<UNK> of sheep , <UNK> , 
<UNK> <UNK> , 
son of PN2 , 
in place of <UNK> , 
<UNK> <UNK> , 
total : <UNK> <UNK> <UNK> , 
<UNK> talents <UNK> mana <UNK> ; 
total : <UNK> <UNK> <UNK> , 
its silver equivalent : <UNK> <UNK> , <UNK> grains , 
<UNK> <UNK> , 
<UNK> <UNK> , 
<UNK> <UNK> , 
<UNK> <UNK> , 
<UNK> mana , <UNK> <UNK> , <UNK> grains of silver , 
<UNK> <UNK> , 
total : <UNK> <UNK> <UNK> , 
<UNK> <UNK> , 
may I be destroyed , <UNK> he said . 
<UNK> <UNK> , 
as its exchange value : <UNK> <UNK> of silver , 
<UNK> talents <UNK> mana <UNK> ; 
<UNK> <UNK> , 
<UNK> talents <UNK> mana <UNK> ; 
<UNK> mana , <UNK> <UNK> , <UNK> grains of silver , 
<UNK> <UNK> of <UNK> ins via <UNK> ala , 
<UNK> <UNK> , 
year : <UNK> The lord of <UNK> was installed . <UNK> 
textile ( for ) Tulta , 
from ADU 
total : <UNK> <UNK> <UNK> , 
<UNK> <UNK> , 
fodder for the <UNK> sheep ; 
<UNK> , 
<UNK> <UNK> , 
<UNK> <UNK> from Ermu , the <UNK> ; 
<UNK> <UNK> , 
<UNK> <UNK> , 
and the land where cedars are cut , together with it provinces , 
<UNK> <UNK> , 
<UNK> <UNK> , 
<UNK> <UNK> <UNK> <UNK> <UNK> , 
<UNK> <UNK> , 
<UNK> talents <UNK> mana <UNK> ; 
total : <UNK> <UNK> <UNK> , 
<UNK> , 
year following : <UNK> <UNK> was destroyed . <UNK> 
<UNK> <UNK> of <UNK> ins via <UNK> ala , 
<UNK> at the <UNK> of Agizea . 
<UNK> talents <UNK> mana <UNK> ; 
<UNK> <UNK> , 
via Dādī , the chair-bearer ; 
<UNK> ( mana wool for ) Nin<UNK> banz<UNK> , 
<UNK> ( by ) Ant<UNK> <UNK> ; 
<UNK> <UNK> , 
<UNK> <UNK> , 
<UNK> <UNK> , 
<UNK> <UNK> , 
total : <UNK> <UNK> <UNK> , 
<UNK> <UNK> , 
<UNK> <UNK> , 
<UNK> <UNK> , 
he shall not pay any silver . 
<UNK> units of outer-cover <UNK> , 
<UNK> , 
Gudada 
<UNK> <UNK> , 
<UNK> <UNK> , 
for <UNK> <UNK> ; 
<UNK> <UNK> , 
year : <UNK> <UNK> and H<UNK> were destroyed . <UNK> 
<UNK> , 
being the <UNK> of the female workers , 
<UNK> <UNK> , 
of the month day <UNK> elapsed ; 
<UNK> <UNK> , 
<UNK> <UNK> , 
year : <UNK> The lord of <UNK> was installed . <UNK> 
<UNK> <UNK> , 
wrote , 
the river <UNK> 
did <UNK> -R<UNK> <UNK> , 
the oil <UNK> 
his beloved canal , 
the Noble Canal , 
his <UNK> , 
the river <UNK> 
<UNK> -la , Abarnum , 
which he plundered 
A person who an order of wickedness 
shall issue against it , 
<UNK> , 
shall erase 
<UNK> <UNK> 
did <UNK> -R<UNK> <UNK> , 
<UNK> ( mana wool for ) . . ; 
son of PN2 , 
<UNK> cow , seed of wild bull , <UNK> year ; 
<UNK> <UNK> , 
<UNK> <UNK> , <UNK> of the female textile workers , 
<UNK> <UNK> , 
<UNK> sheep , <UNK> <UNK> ; 
He having revealed it to <UNK> 
did <UNK> -R<UNK> <UNK> , 
did <UNK> -R<UNK> <UNK> , 
x + 2nd day , 
<UNK> <UNK> , 
<UNK> <UNK> , 
x porters <UNK> 
<UNK> namanka , 
<UNK> , 
<UNK> <UNK> , 
<UNK> - 
in his <UNK> may he <UNK> se ! 
total : <UNK> <UNK> <UNK> , 
<UNK> <UNK> , 
they are hired men ; 
total : <UNK> <UNK> <UNK> , 
<UNK> <UNK> , 
to serve her 
<UNK> <UNK> <UNK> zizibi<UNK> um <UNK> 
<UNK> <UNK> , 
<UNK> <UNK> <UNK> , 
of Paplal , the <UNK> ; 
<UNK> , 
<UNK> <UNK> , 
<UNK> <UNK> , 
total : <UNK> <UNK> <UNK> , 
<UNK> talents <UNK> mana <UNK> ; 
<UNK> <UNK> , 
sealed documents of daba , <UNK> or troops , 
<UNK> <UNK> , 
from the furrows clods 
<UNK> <UNK> , 
<UNK> <UNK> , 
<UNK> <UNK> , 
<UNK> <UNK> , 
<UNK> <UNK> , 
<UNK> <UNK> , 
<UNK> <UNK> , 
<UNK> <UNK> , 
<UNK> <UNK> , 
<UNK> <UNK> , 
total : <UNK> <UNK> <UNK> , 
<UNK> sheep skins <UNK> ( soaked ) with madder , <UNK> 
<UNK> talents <UNK> mana <UNK> ; 
account of the <UNK> of the female <UNK> , millers , 
account of the <UNK> of female <UNK> <UNK> 
